<?xml version="1.0" encoding="UTF-8"?>
<testsuite xmlns:xsi="http://www.w3.org/2001/XMLSchema-instance" xsi:noNamespaceSchemaLocation="https://maven.apache.org/surefire/maven-surefire-plugin/xsd/surefire-test-report.xsd" name="TestSuite" time="60.615" tests="10" errors="0" skipped="0" failures="1">
  <properties>
[...]
</properties>
  <testcase name="validatetitle_01_initilize" classname="TestGroupID.TestArtifactID.validatetitleTest" time="12.227"/>
  <testcase name="validatetitle_02_landingpagetextvalidation" classname="TestGroupID.TestArtifactID.validatetitleTest" time="0.056">
    <failure message="expected [Featured Cources] but found [FEATURED COURSES]" type="java.lang.AssertionError">java.lang.AssertionError: expected [Featured Cources] but found [FEATURED COURSES]
	at TestGroupID.TestArtifactID.validatetitleTest.validatetitle_02_landingpagetextvalidation(validatetitleTest.java:33)
</failure>
  </testcase>
  <testcase name="validatetitle_03_teardown" classname="TestGroupID.TestArtifactID.validatetitleTest" time="2.108"/>
  <testcase name="homepage_01_initilize" classname="TestGroupID.TestArtifactID.homepage" time="3.369"/>
  <testcase name="homepage_02_basepagenavigation" classname="TestGroupID.TestArtifactID.homepage" time="16.276"/>
  <testcase name="homepage_02_basepagenavigation" classname="TestGroupID.TestArtifactID.homepage" time="9.543"/>
  <testcase name="homepage_03_teardown" classname="TestGroupID.TestArtifactID.homepage" time="2.345"/>
  <testcase name="validatenavbar_01_initilize" classname="TestGroupID.TestArtifactID.validatenavbar" time="10.05"/>
  <testcase name="validatenavbar_02_landingpagenavvalidation" classname="TestGroupID.TestArtifactID.validatenavbar" time="0.035"/>
  <testcase name="validatenavbar_03_teardown" classname="TestGroupID.TestArtifactID.validatenavbar" time="2.326"/>
</testsuite>