<?xml version="1.0" encoding="UTF-8"?>
<!-- Generated by org.testng.reporters.JUnitXMLReporter -->
<testsuite hostname="SHASHIKIRAN8BD2" name="Validating navbar in the Page" tests="3" failures="0" timestamp="22 Apr 2018 14:56:16 GMT" time="12.41" errors="0">
  <testcase name="validatenavbar_01_initilize" time="10.047" classname="TestGroupID.TestArtifactID.validatenavbar"/>
  <testcase name="validatenavbar_02_landingpagenavvalidation" time="0.037" classname="TestGroupID.TestArtifactID.validatenavbar"/>
  <testcase name="validatenavbar_03_teardown" time="2.324" classname="TestGroupID.TestArtifactID.validatenavbar"/>
</testsuite> <!-- Validating navbar in the Page -->
