<?xml version="1.0" encoding="UTF-8"?>
<!-- Generated by org.testng.reporters.JUnitXMLReporter -->
<testsuite hostname="SHASHIKIRAN8BD2" name="Default test" tests="4" failures="0" timestamp="19 Apr 2018 20:46:41 GMT" time="30.843" errors="0">
  <testcase name="homepage_01_initilize" time="4.175" classname="TestGroupID.TestArtifactID.homepage"/>
  <testcase name="homepage_02_basepagenavigation" time="16.806" classname="TestGroupID.TestArtifactID.homepage"/>
  <testcase name="homepage_02_basepagenavigation" time="9.673" classname="TestGroupID.TestArtifactID.homepage"/>
  <testcase name="homepage_03_teardown" time="0.158" classname="TestGroupID.TestArtifactID.homepage"/>
</testsuite> <!-- Default test -->
