<?xml version="1.0" encoding="UTF-8"?>
<!-- Generated by org.testng.reporters.JUnitXMLReporter -->
<testsuite hostname="SHASHIKIRAN8BD2" name="Test" tests="10" failures="1" timestamp="19 Apr 2018 21:04:21 GMT" time="57.536" errors="0">
  <testcase name="validatetitle_01_initilize" time="14.651" classname="TestGroupID.TestArtifactID.validatetitle"/>
  <testcase name="validatetitle_02_landingpagetextvalidation" time="0.053" classname="TestGroupID.TestArtifactID.validatetitle">
    <failure type="java.lang.AssertionError" message="expected [Featured Cources] but found [FEATURED COURSES]">
      <![CDATA[java.lang.AssertionError: expected [Featured Cources] but found [FEATURED COURSES]
	at TestGroupID.TestArtifactID.validatetitle.validatetitle_02_landingpagetextvalidation(validatetitle.java:29)
... Removed 29 stack frames]]>
    </failure>
  </testcase> <!-- validatetitle_02_landingpagetextvalidation -->
  <testcase name="validatetitle_03_teardown" time="0.14" classname="TestGroupID.TestArtifactID.validatetitle"/>
  <testcase name="homepage_01_initilize" time="3.35" classname="TestGroupID.TestArtifactID.homepage"/>
  <testcase name="homepage_02_basepagenavigation" time="17.942" classname="TestGroupID.TestArtifactID.homepage"/>
  <testcase name="homepage_02_basepagenavigation" time="9.948" classname="TestGroupID.TestArtifactID.homepage"/>
  <testcase name="homepage_03_teardown" time="0.186" classname="TestGroupID.TestArtifactID.homepage"/>
  <testcase name="validatenavbar_01_initilize" time="11.03" classname="TestGroupID.TestArtifactID.validatenavbar"/>
  <testcase name="validatenavbar_02_landingpagenavvalidation" time="0.042" classname="TestGroupID.TestArtifactID.validatenavbar"/>
  <testcase name="validatenavbar_03_teardown" time="0.157" classname="TestGroupID.TestArtifactID.validatenavbar"/>
</testsuite> <!-- Test -->
