<?xml version="1.0" encoding="UTF-8"?>
<!-- Generated by org.testng.reporters.JUnitXMLReporter -->
<testsuite hostname="SHASHIKIRAN8BD2" name="Validating title and User login" tests="7" failures="1" timestamp="20 Apr 2018 02:24:26 GMT" time="43.201" errors="0">
  <testcase name="validatetitle_01_initilize" time="11.514" classname="TestGroupID.TestArtifactID.validatetitleTest"/>
  <testcase name="validatetitle_02_landingpagetextvalidation" time="0.087" classname="TestGroupID.TestArtifactID.validatetitleTest">
    <failure type="java.lang.AssertionError" message="expected [Featured Cources] but found [FEATURED COURSES]">
      <![CDATA[java.lang.AssertionError: expected [Featured Cources] but found [FEATURED COURSES]
	at TestGroupID.TestArtifactID.validatetitleTest.validatetitle_02_landingpagetextvalidation(validatetitleTest.java:33)
... Removed 29 stack frames]]>
    </failure>
  </testcase> <!-- validatetitle_02_landingpagetextvalidation -->
  <testcase name="validatetitle_03_teardown" time="2.099" classname="TestGroupID.TestArtifactID.validatetitleTest"/>
  <testcase name="homepage_01_initilize" time="3.334" classname="TestGroupID.TestArtifactID.homepage"/>
  <testcase name="homepage_02_basepagenavigation" time="15.7" classname="TestGroupID.TestArtifactID.homepage"/>
  <testcase name="homepage_02_basepagenavigation" time="9.815" classname="TestGroupID.TestArtifactID.homepage"/>
  <testcase name="homepage_03_teardown" time="0.179" classname="TestGroupID.TestArtifactID.homepage"/>
</testsuite> <!-- Validating title and User login -->
